[2024-12-24 11:30:24:259]  [,] [ERROR][main] org.apache.dubbo.registry.nacos.NacosRegistry :  [DUBBO] failed to req API:/nacos/v1/ns/instance after all servers([127.0.0.1:8848]) tried: java.net.ConnectException: Connection refused (Connection refused), dubbo version: 2.7.8, current host: 172.20.10.2
com.alibaba.nacos.api.exception.NacosException: failed to req API:/nacos/v1/ns/instance after all servers([127.0.0.1:8848]) tried: java.net.ConnectException: Connection refused (Connection refused)
	at com.alibaba.nacos.client.naming.net.NamingProxy.reqApi(NamingProxy.java:552) ~[nacos-client-1.4.0.jar:?]
	at com.alibaba.nacos.client.naming.net.NamingProxy.reqApi(NamingProxy.java:491) ~[nacos-client-1.4.0.jar:?]
	at com.alibaba.nacos.client.naming.net.NamingProxy.reqApi(NamingProxy.java:486) ~[nacos-client-1.4.0.jar:?]
	at com.alibaba.nacos.client.naming.net.NamingProxy.registerService(NamingProxy.java:239) ~[nacos-client-1.4.0.jar:?]
	at com.alibaba.nacos.client.naming.NacosNamingService.registerInstance(NacosNamingService.java:205) ~[nacos-client-1.4.0.jar:?]
	at org.apache.dubbo.registry.nacos.NacosRegistry.lambda$doRegister$1(NacosRegistry.java:160) ~[dubbo-2.7.8.jar:2.7.8]
	at org.apache.dubbo.registry.nacos.NacosRegistry.execute(NacosRegistry.java:583) ~[dubbo-2.7.8.jar:2.7.8]
	at org.apache.dubbo.registry.nacos.NacosRegistry.doRegister(NacosRegistry.java:160) ~[dubbo-2.7.8.jar:2.7.8]
	at org.apache.dubbo.registry.support.FailbackRegistry.register(FailbackRegistry.java:240) ~[dubbo-2.7.8.jar:2.7.8]
	at org.apache.dubbo.registry.ListenerRegistryWrapper.register(ListenerRegistryWrapper.java:57) ~[dubbo-2.7.8.jar:2.7.8]
	at org.apache.dubbo.registry.integration.RegistryProtocol.register(RegistryProtocol.java:178) ~[dubbo-2.7.8.jar:2.7.8]
	at org.apache.dubbo.registry.integration.RegistryProtocol.export(RegistryProtocol.java:214) ~[dubbo-2.7.8.jar:2.7.8]
	at org.apache.dubbo.rpc.protocol.ProtocolListenerWrapper.export(ProtocolListenerWrapper.java:62) ~[dubbo-2.7.8.jar:2.7.8]
	at org.apache.dubbo.rpc.protocol.ProtocolFilterWrapper.export(ProtocolFilterWrapper.java:153) ~[dubbo-2.7.8.jar:2.7.8]
	at org.apache.dubbo.qos.protocol.QosProtocolWrapper.export(QosProtocolWrapper.java:64) ~[dubbo-2.7.8.jar:2.7.8]
	at org.apache.dubbo.rpc.Protocol$Adaptive.export(Protocol$Adaptive.java) ~[dubbo-2.7.8.jar:2.7.8]
	at org.apache.dubbo.config.ServiceConfig.doExportUrlsFor1Protocol(ServiceConfig.java:492) ~[dubbo-2.7.8.jar:2.7.8]
	at org.apache.dubbo.config.ServiceConfig.doExportUrls(ServiceConfig.java:325) ~[dubbo-2.7.8.jar:2.7.8]
	at org.apache.dubbo.config.ServiceConfig.doExport(ServiceConfig.java:300) ~[dubbo-2.7.8.jar:2.7.8]
	at org.apache.dubbo.config.ServiceConfig.export(ServiceConfig.java:206) ~[dubbo-2.7.8.jar:2.7.8]
	at org.apache.dubbo.config.bootstrap.DubboBootstrap.lambda$exportServices$15(DubboBootstrap.java:1103) ~[dubbo-2.7.8.jar:2.7.8]
	at java.util.HashMap$Values.forEach(HashMap.java:982) ~[?:1.8.0_431]
	at org.apache.dubbo.config.bootstrap.DubboBootstrap.exportServices(DubboBootstrap.java:1090) ~[dubbo-2.7.8.jar:2.7.8]
	at org.apache.dubbo.config.bootstrap.DubboBootstrap.start(DubboBootstrap.java:901) ~[dubbo-2.7.8.jar:2.7.8]
	at org.apache.dubbo.config.spring.context.DubboBootstrapApplicationListener.onContextRefreshedEvent(DubboBootstrapApplicationListener.java:59) ~[dubbo-2.7.8.jar:2.7.8]
	at org.apache.dubbo.config.spring.context.DubboBootstrapApplicationListener.onApplicationContextEvent(DubboBootstrapApplicationListener.java:52) ~[dubbo-2.7.8.jar:2.7.8]
	at org.apache.dubbo.config.spring.context.OneTimeExecutionApplicationContextEventListener.onApplicationEvent(OneTimeExecutionApplicationContextEventListener.java:40) ~[dubbo-2.7.8.jar:2.7.8]
	at org.springframework.context.event.SimpleApplicationEventMulticaster.doInvokeListener(SimpleApplicationEventMulticaster.java:176) ~[spring-context-5.3.19.jar:5.3.19]
	at org.springframework.context.event.SimpleApplicationEventMulticaster.invokeListener(SimpleApplicationEventMulticaster.java:169) ~[spring-context-5.3.19.jar:5.3.19]
	at org.springframework.context.event.SimpleApplicationEventMulticaster.multicastEvent(SimpleApplicationEventMulticaster.java:143) ~[spring-context-5.3.19.jar:5.3.19]
	at org.springframework.context.support.AbstractApplicationContext.publishEvent(AbstractApplicationContext.java:421) ~[spring-context-5.3.19.jar:5.3.19]
	at org.springframework.context.support.AbstractApplicationContext.publishEvent(AbstractApplicationContext.java:378) ~[spring-context-5.3.19.jar:5.3.19]
	at org.springframework.context.support.AbstractApplicationContext.finishRefresh(AbstractApplicationContext.java:938) ~[spring-context-5.3.19.jar:5.3.19]
	at org.springframework.context.support.AbstractApplicationContext.refresh(AbstractApplicationContext.java:586) ~[spring-context-5.3.19.jar:5.3.19]
	at org.springframework.boot.web.servlet.context.ServletWebServerApplicationContext.refresh(ServletWebServerApplicationContext.java:145) ~[spring-boot-2.6.7.jar:2.6.7]
	at org.springframework.boot.SpringApplication.refresh(SpringApplication.java:740) ~[spring-boot-2.6.7.jar:2.6.7]
	at org.springframework.boot.SpringApplication.refreshContext(SpringApplication.java:415) ~[spring-boot-2.6.7.jar:2.6.7]
	at org.springframework.boot.SpringApplication.run(SpringApplication.java:303) ~[spring-boot-2.6.7.jar:2.6.7]
	at org.springframework.boot.SpringApplication.run(SpringApplication.java:1312) ~[spring-boot-2.6.7.jar:2.6.7]
	at org.springframework.boot.SpringApplication.run(SpringApplication.java:1301) ~[spring-boot-2.6.7.jar:2.6.7]
	at com.ispengya.shortlink.ShortLinkApplication.main(ShortLinkApplication.java:28) ~[classes/:?]
[2024-12-24 11:30:25:497]  [,] [ERROR][main] org.apache.dubbo.registry.nacos.NacosRegistry :  [DUBBO] failed to req API:/nacos/v1/ns/instance after all servers([127.0.0.1:8848]) tried: java.net.ConnectException: Connection refused (Connection refused), dubbo version: 2.7.8, current host: 172.20.10.2
com.alibaba.nacos.api.exception.NacosException: failed to req API:/nacos/v1/ns/instance after all servers([127.0.0.1:8848]) tried: java.net.ConnectException: Connection refused (Connection refused)
	at com.alibaba.nacos.client.naming.net.NamingProxy.reqApi(NamingProxy.java:552) ~[nacos-client-1.4.0.jar:?]
	at com.alibaba.nacos.client.naming.net.NamingProxy.reqApi(NamingProxy.java:491) ~[nacos-client-1.4.0.jar:?]
	at com.alibaba.nacos.client.naming.net.NamingProxy.reqApi(NamingProxy.java:486) ~[nacos-client-1.4.0.jar:?]
	at com.alibaba.nacos.client.naming.net.NamingProxy.registerService(NamingProxy.java:239) ~[nacos-client-1.4.0.jar:?]
	at com.alibaba.nacos.client.naming.NacosNamingService.registerInstance(NacosNamingService.java:205) ~[nacos-client-1.4.0.jar:?]
	at org.apache.dubbo.registry.nacos.NacosRegistry.lambda$doRegister$1(NacosRegistry.java:160) ~[dubbo-2.7.8.jar:2.7.8]
	at org.apache.dubbo.registry.nacos.NacosRegistry.execute(NacosRegistry.java:583) ~[dubbo-2.7.8.jar:2.7.8]
	at org.apache.dubbo.registry.nacos.NacosRegistry.doRegister(NacosRegistry.java:160) ~[dubbo-2.7.8.jar:2.7.8]
	at org.apache.dubbo.registry.support.FailbackRegistry.register(FailbackRegistry.java:240) ~[dubbo-2.7.8.jar:2.7.8]
	at org.apache.dubbo.registry.ListenerRegistryWrapper.register(ListenerRegistryWrapper.java:57) ~[dubbo-2.7.8.jar:2.7.8]
	at org.apache.dubbo.registry.integration.RegistryProtocol.register(RegistryProtocol.java:178) ~[dubbo-2.7.8.jar:2.7.8]
	at org.apache.dubbo.registry.integration.RegistryProtocol.export(RegistryProtocol.java:214) ~[dubbo-2.7.8.jar:2.7.8]
	at org.apache.dubbo.rpc.protocol.ProtocolListenerWrapper.export(ProtocolListenerWrapper.java:62) ~[dubbo-2.7.8.jar:2.7.8]
	at org.apache.dubbo.rpc.protocol.ProtocolFilterWrapper.export(ProtocolFilterWrapper.java:153) ~[dubbo-2.7.8.jar:2.7.8]
	at org.apache.dubbo.qos.protocol.QosProtocolWrapper.export(QosProtocolWrapper.java:64) ~[dubbo-2.7.8.jar:2.7.8]
	at org.apache.dubbo.rpc.Protocol$Adaptive.export(Protocol$Adaptive.java) ~[dubbo-2.7.8.jar:2.7.8]
	at org.apache.dubbo.config.ServiceConfig.doExportUrlsFor1Protocol(ServiceConfig.java:492) ~[dubbo-2.7.8.jar:2.7.8]
	at org.apache.dubbo.config.ServiceConfig.doExportUrls(ServiceConfig.java:325) ~[dubbo-2.7.8.jar:2.7.8]
	at org.apache.dubbo.config.ServiceConfig.doExport(ServiceConfig.java:300) ~[dubbo-2.7.8.jar:2.7.8]
	at org.apache.dubbo.config.ServiceConfig.export(ServiceConfig.java:206) ~[dubbo-2.7.8.jar:2.7.8]
	at org.apache.dubbo.config.bootstrap.DubboBootstrap.lambda$exportServices$15(DubboBootstrap.java:1103) ~[dubbo-2.7.8.jar:2.7.8]
	at java.util.HashMap$Values.forEach(HashMap.java:982) ~[?:1.8.0_431]
	at org.apache.dubbo.config.bootstrap.DubboBootstrap.exportServices(DubboBootstrap.java:1090) ~[dubbo-2.7.8.jar:2.7.8]
	at org.apache.dubbo.config.bootstrap.DubboBootstrap.start(DubboBootstrap.java:901) ~[dubbo-2.7.8.jar:2.7.8]
	at org.apache.dubbo.config.spring.context.DubboBootstrapApplicationListener.onContextRefreshedEvent(DubboBootstrapApplicationListener.java:59) ~[dubbo-2.7.8.jar:2.7.8]
	at org.apache.dubbo.config.spring.context.DubboBootstrapApplicationListener.onApplicationContextEvent(DubboBootstrapApplicationListener.java:52) ~[dubbo-2.7.8.jar:2.7.8]
	at org.apache.dubbo.config.spring.context.OneTimeExecutionApplicationContextEventListener.onApplicationEvent(OneTimeExecutionApplicationContextEventListener.java:40) ~[dubbo-2.7.8.jar:2.7.8]
	at org.springframework.context.event.SimpleApplicationEventMulticaster.doInvokeListener(SimpleApplicationEventMulticaster.java:176) ~[spring-context-5.3.19.jar:5.3.19]
	at org.springframework.context.event.SimpleApplicationEventMulticaster.invokeListener(SimpleApplicationEventMulticaster.java:169) ~[spring-context-5.3.19.jar:5.3.19]
	at org.springframework.context.event.SimpleApplicationEventMulticaster.multicastEvent(SimpleApplicationEventMulticaster.java:143) ~[spring-context-5.3.19.jar:5.3.19]
	at org.springframework.context.support.AbstractApplicationContext.publishEvent(AbstractApplicationContext.java:421) ~[spring-context-5.3.19.jar:5.3.19]
	at org.springframework.context.support.AbstractApplicationContext.publishEvent(AbstractApplicationContext.java:378) ~[spring-context-5.3.19.jar:5.3.19]
	at org.springframework.context.support.AbstractApplicationContext.finishRefresh(AbstractApplicationContext.java:938) ~[spring-context-5.3.19.jar:5.3.19]
	at org.springframework.context.support.AbstractApplicationContext.refresh(AbstractApplicationContext.java:586) ~[spring-context-5.3.19.jar:5.3.19]
	at org.springframework.boot.web.servlet.context.ServletWebServerApplicationContext.refresh(ServletWebServerApplicationContext.java:145) ~[spring-boot-2.6.7.jar:2.6.7]
	at org.springframework.boot.SpringApplication.refresh(SpringApplication.java:740) ~[spring-boot-2.6.7.jar:2.6.7]
	at org.springframework.boot.SpringApplication.refreshContext(SpringApplication.java:415) ~[spring-boot-2.6.7.jar:2.6.7]
	at org.springframework.boot.SpringApplication.run(SpringApplication.java:303) ~[spring-boot-2.6.7.jar:2.6.7]
	at org.springframework.boot.SpringApplication.run(SpringApplication.java:1312) ~[spring-boot-2.6.7.jar:2.6.7]
	at org.springframework.boot.SpringApplication.run(SpringApplication.java:1301) ~[spring-boot-2.6.7.jar:2.6.7]
	at com.ispengya.shortlink.ShortLinkApplication.main(ShortLinkApplication.java:28) ~[classes/:?]
[2024-12-24 11:30:26:741]  [,] [ERROR][main] org.apache.dubbo.registry.nacos.NacosRegistry :  [DUBBO] failed to req API:/nacos/v1/ns/instance after all servers([127.0.0.1:8848]) tried: java.net.ConnectException: Connection refused (Connection refused), dubbo version: 2.7.8, current host: 172.20.10.2
com.alibaba.nacos.api.exception.NacosException: failed to req API:/nacos/v1/ns/instance after all servers([127.0.0.1:8848]) tried: java.net.ConnectException: Connection refused (Connection refused)
	at com.alibaba.nacos.client.naming.net.NamingProxy.reqApi(NamingProxy.java:552) ~[nacos-client-1.4.0.jar:?]
	at com.alibaba.nacos.client.naming.net.NamingProxy.reqApi(NamingProxy.java:491) ~[nacos-client-1.4.0.jar:?]
	at com.alibaba.nacos.client.naming.net.NamingProxy.reqApi(NamingProxy.java:486) ~[nacos-client-1.4.0.jar:?]
	at com.alibaba.nacos.client.naming.net.NamingProxy.registerService(NamingProxy.java:239) ~[nacos-client-1.4.0.jar:?]
	at com.alibaba.nacos.client.naming.NacosNamingService.registerInstance(NacosNamingService.java:205) ~[nacos-client-1.4.0.jar:?]
	at org.apache.dubbo.registry.nacos.NacosRegistry.lambda$doRegister$1(NacosRegistry.java:160) ~[dubbo-2.7.8.jar:2.7.8]
	at org.apache.dubbo.registry.nacos.NacosRegistry.execute(NacosRegistry.java:583) ~[dubbo-2.7.8.jar:2.7.8]
	at org.apache.dubbo.registry.nacos.NacosRegistry.doRegister(NacosRegistry.java:160) ~[dubbo-2.7.8.jar:2.7.8]
	at org.apache.dubbo.registry.support.FailbackRegistry.register(FailbackRegistry.java:240) ~[dubbo-2.7.8.jar:2.7.8]
	at org.apache.dubbo.registry.ListenerRegistryWrapper.register(ListenerRegistryWrapper.java:57) ~[dubbo-2.7.8.jar:2.7.8]
	at org.apache.dubbo.registry.integration.RegistryProtocol.register(RegistryProtocol.java:178) ~[dubbo-2.7.8.jar:2.7.8]
	at org.apache.dubbo.registry.integration.RegistryProtocol.export(RegistryProtocol.java:214) ~[dubbo-2.7.8.jar:2.7.8]
	at org.apache.dubbo.rpc.protocol.ProtocolListenerWrapper.export(ProtocolListenerWrapper.java:62) ~[dubbo-2.7.8.jar:2.7.8]
	at org.apache.dubbo.rpc.protocol.ProtocolFilterWrapper.export(ProtocolFilterWrapper.java:153) ~[dubbo-2.7.8.jar:2.7.8]
	at org.apache.dubbo.qos.protocol.QosProtocolWrapper.export(QosProtocolWrapper.java:64) ~[dubbo-2.7.8.jar:2.7.8]
	at org.apache.dubbo.rpc.Protocol$Adaptive.export(Protocol$Adaptive.java) ~[dubbo-2.7.8.jar:2.7.8]
	at org.apache.dubbo.config.ServiceConfig.doExportUrlsFor1Protocol(ServiceConfig.java:492) ~[dubbo-2.7.8.jar:2.7.8]
	at org.apache.dubbo.config.ServiceConfig.doExportUrls(ServiceConfig.java:325) ~[dubbo-2.7.8.jar:2.7.8]
	at org.apache.dubbo.config.ServiceConfig.doExport(ServiceConfig.java:300) ~[dubbo-2.7.8.jar:2.7.8]
	at org.apache.dubbo.config.ServiceConfig.export(ServiceConfig.java:206) ~[dubbo-2.7.8.jar:2.7.8]
	at org.apache.dubbo.config.bootstrap.DubboBootstrap.lambda$exportServices$15(DubboBootstrap.java:1103) ~[dubbo-2.7.8.jar:2.7.8]
	at java.util.HashMap$Values.forEach(HashMap.java:982) ~[?:1.8.0_431]
	at org.apache.dubbo.config.bootstrap.DubboBootstrap.exportServices(DubboBootstrap.java:1090) ~[dubbo-2.7.8.jar:2.7.8]
	at org.apache.dubbo.config.bootstrap.DubboBootstrap.start(DubboBootstrap.java:901) ~[dubbo-2.7.8.jar:2.7.8]
	at org.apache.dubbo.config.spring.context.DubboBootstrapApplicationListener.onContextRefreshedEvent(DubboBootstrapApplicationListener.java:59) ~[dubbo-2.7.8.jar:2.7.8]
	at org.apache.dubbo.config.spring.context.DubboBootstrapApplicationListener.onApplicationContextEvent(DubboBootstrapApplicationListener.java:52) ~[dubbo-2.7.8.jar:2.7.8]
	at org.apache.dubbo.config.spring.context.OneTimeExecutionApplicationContextEventListener.onApplicationEvent(OneTimeExecutionApplicationContextEventListener.java:40) ~[dubbo-2.7.8.jar:2.7.8]
	at org.springframework.context.event.SimpleApplicationEventMulticaster.doInvokeListener(SimpleApplicationEventMulticaster.java:176) ~[spring-context-5.3.19.jar:5.3.19]
	at org.springframework.context.event.SimpleApplicationEventMulticaster.invokeListener(SimpleApplicationEventMulticaster.java:169) ~[spring-context-5.3.19.jar:5.3.19]
	at org.springframework.context.event.SimpleApplicationEventMulticaster.multicastEvent(SimpleApplicationEventMulticaster.java:143) ~[spring-context-5.3.19.jar:5.3.19]
	at org.springframework.context.support.AbstractApplicationContext.publishEvent(AbstractApplicationContext.java:421) ~[spring-context-5.3.19.jar:5.3.19]
	at org.springframework.context.support.AbstractApplicationContext.publishEvent(AbstractApplicationContext.java:378) ~[spring-context-5.3.19.jar:5.3.19]
	at org.springframework.context.support.AbstractApplicationContext.finishRefresh(AbstractApplicationContext.java:938) ~[spring-context-5.3.19.jar:5.3.19]
	at org.springframework.context.support.AbstractApplicationContext.refresh(AbstractApplicationContext.java:586) ~[spring-context-5.3.19.jar:5.3.19]
	at org.springframework.boot.web.servlet.context.ServletWebServerApplicationContext.refresh(ServletWebServerApplicationContext.java:145) ~[spring-boot-2.6.7.jar:2.6.7]
	at org.springframework.boot.SpringApplication.refresh(SpringApplication.java:740) ~[spring-boot-2.6.7.jar:2.6.7]
	at org.springframework.boot.SpringApplication.refreshContext(SpringApplication.java:415) ~[spring-boot-2.6.7.jar:2.6.7]
	at org.springframework.boot.SpringApplication.run(SpringApplication.java:303) ~[spring-boot-2.6.7.jar:2.6.7]
	at org.springframework.boot.SpringApplication.run(SpringApplication.java:1312) ~[spring-boot-2.6.7.jar:2.6.7]
	at org.springframework.boot.SpringApplication.run(SpringApplication.java:1301) ~[spring-boot-2.6.7.jar:2.6.7]
	at com.ispengya.shortlink.ShortLinkApplication.main(ShortLinkApplication.java:28) ~[classes/:?]
[2024-12-24 11:30:27:991]  [,] [ERROR][main] org.apache.dubbo.registry.nacos.NacosRegistry :  [DUBBO] failed to req API:/nacos/v1/ns/instance after all servers([127.0.0.1:8848]) tried: java.net.ConnectException: Connection refused (Connection refused), dubbo version: 2.7.8, current host: 172.20.10.2
com.alibaba.nacos.api.exception.NacosException: failed to req API:/nacos/v1/ns/instance after all servers([127.0.0.1:8848]) tried: java.net.ConnectException: Connection refused (Connection refused)
	at com.alibaba.nacos.client.naming.net.NamingProxy.reqApi(NamingProxy.java:552) ~[nacos-client-1.4.0.jar:?]
	at com.alibaba.nacos.client.naming.net.NamingProxy.reqApi(NamingProxy.java:491) ~[nacos-client-1.4.0.jar:?]
	at com.alibaba.nacos.client.naming.net.NamingProxy.reqApi(NamingProxy.java:486) ~[nacos-client-1.4.0.jar:?]
	at com.alibaba.nacos.client.naming.net.NamingProxy.registerService(NamingProxy.java:239) ~[nacos-client-1.4.0.jar:?]
	at com.alibaba.nacos.client.naming.NacosNamingService.registerInstance(NacosNamingService.java:205) ~[nacos-client-1.4.0.jar:?]
	at org.apache.dubbo.registry.nacos.NacosRegistry.lambda$doRegister$1(NacosRegistry.java:160) ~[dubbo-2.7.8.jar:2.7.8]
	at org.apache.dubbo.registry.nacos.NacosRegistry.execute(NacosRegistry.java:583) ~[dubbo-2.7.8.jar:2.7.8]
	at org.apache.dubbo.registry.nacos.NacosRegistry.doRegister(NacosRegistry.java:160) ~[dubbo-2.7.8.jar:2.7.8]
	at org.apache.dubbo.registry.support.FailbackRegistry.register(FailbackRegistry.java:240) ~[dubbo-2.7.8.jar:2.7.8]
	at org.apache.dubbo.registry.ListenerRegistryWrapper.register(ListenerRegistryWrapper.java:57) ~[dubbo-2.7.8.jar:2.7.8]
	at org.apache.dubbo.registry.integration.RegistryProtocol.register(RegistryProtocol.java:178) ~[dubbo-2.7.8.jar:2.7.8]
	at org.apache.dubbo.registry.integration.RegistryProtocol.export(RegistryProtocol.java:214) ~[dubbo-2.7.8.jar:2.7.8]
	at org.apache.dubbo.rpc.protocol.ProtocolListenerWrapper.export(ProtocolListenerWrapper.java:62) ~[dubbo-2.7.8.jar:2.7.8]
	at org.apache.dubbo.rpc.protocol.ProtocolFilterWrapper.export(ProtocolFilterWrapper.java:153) ~[dubbo-2.7.8.jar:2.7.8]
	at org.apache.dubbo.qos.protocol.QosProtocolWrapper.export(QosProtocolWrapper.java:64) ~[dubbo-2.7.8.jar:2.7.8]
	at org.apache.dubbo.rpc.Protocol$Adaptive.export(Protocol$Adaptive.java) ~[dubbo-2.7.8.jar:2.7.8]
	at org.apache.dubbo.config.ServiceConfig.doExportUrlsFor1Protocol(ServiceConfig.java:492) ~[dubbo-2.7.8.jar:2.7.8]
	at org.apache.dubbo.config.ServiceConfig.doExportUrls(ServiceConfig.java:325) ~[dubbo-2.7.8.jar:2.7.8]
	at org.apache.dubbo.config.ServiceConfig.doExport(ServiceConfig.java:300) ~[dubbo-2.7.8.jar:2.7.8]
	at org.apache.dubbo.config.ServiceConfig.export(ServiceConfig.java:206) ~[dubbo-2.7.8.jar:2.7.8]
	at org.apache.dubbo.config.bootstrap.DubboBootstrap.lambda$exportServices$15(DubboBootstrap.java:1103) ~[dubbo-2.7.8.jar:2.7.8]
	at java.util.HashMap$Values.forEach(HashMap.java:982) ~[?:1.8.0_431]
	at org.apache.dubbo.config.bootstrap.DubboBootstrap.exportServices(DubboBootstrap.java:1090) ~[dubbo-2.7.8.jar:2.7.8]
	at org.apache.dubbo.config.bootstrap.DubboBootstrap.start(DubboBootstrap.java:901) ~[dubbo-2.7.8.jar:2.7.8]
	at org.apache.dubbo.config.spring.context.DubboBootstrapApplicationListener.onContextRefreshedEvent(DubboBootstrapApplicationListener.java:59) ~[dubbo-2.7.8.jar:2.7.8]
	at org.apache.dubbo.config.spring.context.DubboBootstrapApplicationListener.onApplicationContextEvent(DubboBootstrapApplicationListener.java:52) ~[dubbo-2.7.8.jar:2.7.8]
	at org.apache.dubbo.config.spring.context.OneTimeExecutionApplicationContextEventListener.onApplicationEvent(OneTimeExecutionApplicationContextEventListener.java:40) ~[dubbo-2.7.8.jar:2.7.8]
	at org.springframework.context.event.SimpleApplicationEventMulticaster.doInvokeListener(SimpleApplicationEventMulticaster.java:176) ~[spring-context-5.3.19.jar:5.3.19]
	at org.springframework.context.event.SimpleApplicationEventMulticaster.invokeListener(SimpleApplicationEventMulticaster.java:169) ~[spring-context-5.3.19.jar:5.3.19]
	at org.springframework.context.event.SimpleApplicationEventMulticaster.multicastEvent(SimpleApplicationEventMulticaster.java:143) ~[spring-context-5.3.19.jar:5.3.19]
	at org.springframework.context.support.AbstractApplicationContext.publishEvent(AbstractApplicationContext.java:421) ~[spring-context-5.3.19.jar:5.3.19]
	at org.springframework.context.support.AbstractApplicationContext.publishEvent(AbstractApplicationContext.java:378) ~[spring-context-5.3.19.jar:5.3.19]
	at org.springframework.context.support.AbstractApplicationContext.finishRefresh(AbstractApplicationContext.java:938) ~[spring-context-5.3.19.jar:5.3.19]
	at org.springframework.context.support.AbstractApplicationContext.refresh(AbstractApplicationContext.java:586) ~[spring-context-5.3.19.jar:5.3.19]
	at org.springframework.boot.web.servlet.context.ServletWebServerApplicationContext.refresh(ServletWebServerApplicationContext.java:145) ~[spring-boot-2.6.7.jar:2.6.7]
	at org.springframework.boot.SpringApplication.refresh(SpringApplication.java:740) ~[spring-boot-2.6.7.jar:2.6.7]
	at org.springframework.boot.SpringApplication.refreshContext(SpringApplication.java:415) ~[spring-boot-2.6.7.jar:2.6.7]
	at org.springframework.boot.SpringApplication.run(SpringApplication.java:303) ~[spring-boot-2.6.7.jar:2.6.7]
	at org.springframework.boot.SpringApplication.run(SpringApplication.java:1312) ~[spring-boot-2.6.7.jar:2.6.7]
	at org.springframework.boot.SpringApplication.run(SpringApplication.java:1301) ~[spring-boot-2.6.7.jar:2.6.7]
	at com.ispengya.shortlink.ShortLinkApplication.main(ShortLinkApplication.java:28) ~[classes/:?]
[2024-12-24 11:30:29:239]  [,] [ERROR][main] org.apache.dubbo.registry.nacos.NacosRegistry :  [DUBBO] failed to req API:/nacos/v1/ns/instance after all servers([127.0.0.1:8848]) tried: java.net.ConnectException: Connection refused (Connection refused), dubbo version: 2.7.8, current host: 172.20.10.2
com.alibaba.nacos.api.exception.NacosException: failed to req API:/nacos/v1/ns/instance after all servers([127.0.0.1:8848]) tried: java.net.ConnectException: Connection refused (Connection refused)
	at com.alibaba.nacos.client.naming.net.NamingProxy.reqApi(NamingProxy.java:552) ~[nacos-client-1.4.0.jar:?]
	at com.alibaba.nacos.client.naming.net.NamingProxy.reqApi(NamingProxy.java:491) ~[nacos-client-1.4.0.jar:?]
	at com.alibaba.nacos.client.naming.net.NamingProxy.reqApi(NamingProxy.java:486) ~[nacos-client-1.4.0.jar:?]
	at com.alibaba.nacos.client.naming.net.NamingProxy.registerService(NamingProxy.java:239) ~[nacos-client-1.4.0.jar:?]
	at com.alibaba.nacos.client.naming.NacosNamingService.registerInstance(NacosNamingService.java:205) ~[nacos-client-1.4.0.jar:?]
	at org.apache.dubbo.registry.nacos.NacosRegistry.lambda$doRegister$1(NacosRegistry.java:160) ~[dubbo-2.7.8.jar:2.7.8]
	at org.apache.dubbo.registry.nacos.NacosRegistry.execute(NacosRegistry.java:583) ~[dubbo-2.7.8.jar:2.7.8]
	at org.apache.dubbo.registry.nacos.NacosRegistry.doRegister(NacosRegistry.java:160) ~[dubbo-2.7.8.jar:2.7.8]
	at org.apache.dubbo.registry.support.FailbackRegistry.register(FailbackRegistry.java:240) ~[dubbo-2.7.8.jar:2.7.8]
	at org.apache.dubbo.registry.ListenerRegistryWrapper.register(ListenerRegistryWrapper.java:57) ~[dubbo-2.7.8.jar:2.7.8]
	at org.apache.dubbo.registry.integration.RegistryProtocol.register(RegistryProtocol.java:178) ~[dubbo-2.7.8.jar:2.7.8]
	at org.apache.dubbo.registry.integration.RegistryProtocol.export(RegistryProtocol.java:214) ~[dubbo-2.7.8.jar:2.7.8]
	at org.apache.dubbo.rpc.protocol.ProtocolListenerWrapper.export(ProtocolListenerWrapper.java:62) ~[dubbo-2.7.8.jar:2.7.8]
	at org.apache.dubbo.rpc.protocol.ProtocolFilterWrapper.export(ProtocolFilterWrapper.java:153) ~[dubbo-2.7.8.jar:2.7.8]
	at org.apache.dubbo.qos.protocol.QosProtocolWrapper.export(QosProtocolWrapper.java:64) ~[dubbo-2.7.8.jar:2.7.8]
	at org.apache.dubbo.rpc.Protocol$Adaptive.export(Protocol$Adaptive.java) ~[dubbo-2.7.8.jar:2.7.8]
	at org.apache.dubbo.config.ServiceConfig.doExportUrlsFor1Protocol(ServiceConfig.java:492) ~[dubbo-2.7.8.jar:2.7.8]
	at org.apache.dubbo.config.ServiceConfig.doExportUrls(ServiceConfig.java:325) ~[dubbo-2.7.8.jar:2.7.8]
	at org.apache.dubbo.config.ServiceConfig.doExport(ServiceConfig.java:300) ~[dubbo-2.7.8.jar:2.7.8]
	at org.apache.dubbo.config.ServiceConfig.export(ServiceConfig.java:206) ~[dubbo-2.7.8.jar:2.7.8]
	at org.apache.dubbo.config.bootstrap.DubboBootstrap.lambda$exportServices$15(DubboBootstrap.java:1103) ~[dubbo-2.7.8.jar:2.7.8]
	at java.util.HashMap$Values.forEach(HashMap.java:982) ~[?:1.8.0_431]
	at org.apache.dubbo.config.bootstrap.DubboBootstrap.exportServices(DubboBootstrap.java:1090) ~[dubbo-2.7.8.jar:2.7.8]
	at org.apache.dubbo.config.bootstrap.DubboBootstrap.start(DubboBootstrap.java:901) ~[dubbo-2.7.8.jar:2.7.8]
	at org.apache.dubbo.config.spring.context.DubboBootstrapApplicationListener.onContextRefreshedEvent(DubboBootstrapApplicationListener.java:59) ~[dubbo-2.7.8.jar:2.7.8]
	at org.apache.dubbo.config.spring.context.DubboBootstrapApplicationListener.onApplicationContextEvent(DubboBootstrapApplicationListener.java:52) ~[dubbo-2.7.8.jar:2.7.8]
	at org.apache.dubbo.config.spring.context.OneTimeExecutionApplicationContextEventListener.onApplicationEvent(OneTimeExecutionApplicationContextEventListener.java:40) ~[dubbo-2.7.8.jar:2.7.8]
	at org.springframework.context.event.SimpleApplicationEventMulticaster.doInvokeListener(SimpleApplicationEventMulticaster.java:176) ~[spring-context-5.3.19.jar:5.3.19]
	at org.springframework.context.event.SimpleApplicationEventMulticaster.invokeListener(SimpleApplicationEventMulticaster.java:169) ~[spring-context-5.3.19.jar:5.3.19]
	at org.springframework.context.event.SimpleApplicationEventMulticaster.multicastEvent(SimpleApplicationEventMulticaster.java:143) ~[spring-context-5.3.19.jar:5.3.19]
	at org.springframework.context.support.AbstractApplicationContext.publishEvent(AbstractApplicationContext.java:421) ~[spring-context-5.3.19.jar:5.3.19]
	at org.springframework.context.support.AbstractApplicationContext.publishEvent(AbstractApplicationContext.java:378) ~[spring-context-5.3.19.jar:5.3.19]
	at org.springframework.context.support.AbstractApplicationContext.finishRefresh(AbstractApplicationContext.java:938) ~[spring-context-5.3.19.jar:5.3.19]
	at org.springframework.context.support.AbstractApplicationContext.refresh(AbstractApplicationContext.java:586) ~[spring-context-5.3.19.jar:5.3.19]
	at org.springframework.boot.web.servlet.context.ServletWebServerApplicationContext.refresh(ServletWebServerApplicationContext.java:145) ~[spring-boot-2.6.7.jar:2.6.7]
	at org.springframework.boot.SpringApplication.refresh(SpringApplication.java:740) ~[spring-boot-2.6.7.jar:2.6.7]
	at org.springframework.boot.SpringApplication.refreshContext(SpringApplication.java:415) ~[spring-boot-2.6.7.jar:2.6.7]
	at org.springframework.boot.SpringApplication.run(SpringApplication.java:303) ~[spring-boot-2.6.7.jar:2.6.7]
	at org.springframework.boot.SpringApplication.run(SpringApplication.java:1312) ~[spring-boot-2.6.7.jar:2.6.7]
	at org.springframework.boot.SpringApplication.run(SpringApplication.java:1301) ~[spring-boot-2.6.7.jar:2.6.7]
	at com.ispengya.shortlink.ShortLinkApplication.main(ShortLinkApplication.java:28) ~[classes/:?]
[2024-12-24 11:30:30:485]  [,] [ERROR][main] org.apache.dubbo.registry.nacos.NacosRegistry :  [DUBBO] failed to req API:/nacos/v1/ns/instance after all servers([127.0.0.1:8848]) tried: java.net.ConnectException: Connection refused (Connection refused), dubbo version: 2.7.8, current host: 172.20.10.2
com.alibaba.nacos.api.exception.NacosException: failed to req API:/nacos/v1/ns/instance after all servers([127.0.0.1:8848]) tried: java.net.ConnectException: Connection refused (Connection refused)
	at com.alibaba.nacos.client.naming.net.NamingProxy.reqApi(NamingProxy.java:552) ~[nacos-client-1.4.0.jar:?]
	at com.alibaba.nacos.client.naming.net.NamingProxy.reqApi(NamingProxy.java:491) ~[nacos-client-1.4.0.jar:?]
	at com.alibaba.nacos.client.naming.net.NamingProxy.reqApi(NamingProxy.java:486) ~[nacos-client-1.4.0.jar:?]
	at com.alibaba.nacos.client.naming.net.NamingProxy.registerService(NamingProxy.java:239) ~[nacos-client-1.4.0.jar:?]
	at com.alibaba.nacos.client.naming.NacosNamingService.registerInstance(NacosNamingService.java:205) ~[nacos-client-1.4.0.jar:?]
	at org.apache.dubbo.registry.nacos.NacosRegistry.lambda$doRegister$1(NacosRegistry.java:160) ~[dubbo-2.7.8.jar:2.7.8]
	at org.apache.dubbo.registry.nacos.NacosRegistry.execute(NacosRegistry.java:583) ~[dubbo-2.7.8.jar:2.7.8]
	at org.apache.dubbo.registry.nacos.NacosRegistry.doRegister(NacosRegistry.java:160) ~[dubbo-2.7.8.jar:2.7.8]
	at org.apache.dubbo.registry.support.FailbackRegistry.register(FailbackRegistry.java:240) ~[dubbo-2.7.8.jar:2.7.8]
	at org.apache.dubbo.registry.ListenerRegistryWrapper.register(ListenerRegistryWrapper.java:57) ~[dubbo-2.7.8.jar:2.7.8]
	at org.apache.dubbo.registry.integration.RegistryProtocol.register(RegistryProtocol.java:178) ~[dubbo-2.7.8.jar:2.7.8]
	at org.apache.dubbo.registry.integration.RegistryProtocol.export(RegistryProtocol.java:214) ~[dubbo-2.7.8.jar:2.7.8]
	at org.apache.dubbo.rpc.protocol.ProtocolListenerWrapper.export(ProtocolListenerWrapper.java:62) ~[dubbo-2.7.8.jar:2.7.8]
	at org.apache.dubbo.rpc.protocol.ProtocolFilterWrapper.export(ProtocolFilterWrapper.java:153) ~[dubbo-2.7.8.jar:2.7.8]
	at org.apache.dubbo.qos.protocol.QosProtocolWrapper.export(QosProtocolWrapper.java:64) ~[dubbo-2.7.8.jar:2.7.8]
	at org.apache.dubbo.rpc.Protocol$Adaptive.export(Protocol$Adaptive.java) ~[dubbo-2.7.8.jar:2.7.8]
	at org.apache.dubbo.config.ServiceConfig.doExportUrlsFor1Protocol(ServiceConfig.java:492) ~[dubbo-2.7.8.jar:2.7.8]
	at org.apache.dubbo.config.ServiceConfig.doExportUrls(ServiceConfig.java:325) ~[dubbo-2.7.8.jar:2.7.8]
	at org.apache.dubbo.config.ServiceConfig.doExport(ServiceConfig.java:300) ~[dubbo-2.7.8.jar:2.7.8]
	at org.apache.dubbo.config.ServiceConfig.export(ServiceConfig.java:206) ~[dubbo-2.7.8.jar:2.7.8]
	at org.apache.dubbo.config.bootstrap.DubboBootstrap.lambda$exportServices$15(DubboBootstrap.java:1103) ~[dubbo-2.7.8.jar:2.7.8]
	at java.util.HashMap$Values.forEach(HashMap.java:982) ~[?:1.8.0_431]
	at org.apache.dubbo.config.bootstrap.DubboBootstrap.exportServices(DubboBootstrap.java:1090) ~[dubbo-2.7.8.jar:2.7.8]
	at org.apache.dubbo.config.bootstrap.DubboBootstrap.start(DubboBootstrap.java:901) ~[dubbo-2.7.8.jar:2.7.8]
	at org.apache.dubbo.config.spring.context.DubboBootstrapApplicationListener.onContextRefreshedEvent(DubboBootstrapApplicationListener.java:59) ~[dubbo-2.7.8.jar:2.7.8]
	at org.apache.dubbo.config.spring.context.DubboBootstrapApplicationListener.onApplicationContextEvent(DubboBootstrapApplicationListener.java:52) ~[dubbo-2.7.8.jar:2.7.8]
	at org.apache.dubbo.config.spring.context.OneTimeExecutionApplicationContextEventListener.onApplicationEvent(OneTimeExecutionApplicationContextEventListener.java:40) ~[dubbo-2.7.8.jar:2.7.8]
	at org.springframework.context.event.SimpleApplicationEventMulticaster.doInvokeListener(SimpleApplicationEventMulticaster.java:176) ~[spring-context-5.3.19.jar:5.3.19]
	at org.springframework.context.event.SimpleApplicationEventMulticaster.invokeListener(SimpleApplicationEventMulticaster.java:169) ~[spring-context-5.3.19.jar:5.3.19]
	at org.springframework.context.event.SimpleApplicationEventMulticaster.multicastEvent(SimpleApplicationEventMulticaster.java:143) ~[spring-context-5.3.19.jar:5.3.19]
	at org.springframework.context.support.AbstractApplicationContext.publishEvent(AbstractApplicationContext.java:421) ~[spring-context-5.3.19.jar:5.3.19]
	at org.springframework.context.support.AbstractApplicationContext.publishEvent(AbstractApplicationContext.java:378) ~[spring-context-5.3.19.jar:5.3.19]
	at org.springframework.context.support.AbstractApplicationContext.finishRefresh(AbstractApplicationContext.java:938) ~[spring-context-5.3.19.jar:5.3.19]
	at org.springframework.context.support.AbstractApplicationContext.refresh(AbstractApplicationContext.java:586) ~[spring-context-5.3.19.jar:5.3.19]
	at org.springframework.boot.web.servlet.context.ServletWebServerApplicationContext.refresh(ServletWebServerApplicationContext.java:145) ~[spring-boot-2.6.7.jar:2.6.7]
	at org.springframework.boot.SpringApplication.refresh(SpringApplication.java:740) ~[spring-boot-2.6.7.jar:2.6.7]
	at org.springframework.boot.SpringApplication.refreshContext(SpringApplication.java:415) ~[spring-boot-2.6.7.jar:2.6.7]
	at org.springframework.boot.SpringApplication.run(SpringApplication.java:303) ~[spring-boot-2.6.7.jar:2.6.7]
	at org.springframework.boot.SpringApplication.run(SpringApplication.java:1312) ~[spring-boot-2.6.7.jar:2.6.7]
	at org.springframework.boot.SpringApplication.run(SpringApplication.java:1301) ~[spring-boot-2.6.7.jar:2.6.7]
	at com.ispengya.shortlink.ShortLinkApplication.main(ShortLinkApplication.java:28) ~[classes/:?]
[2024-12-24 11:31:16:376]  [,] [ERROR][SpringContextShutdownHook] org.apache.dubbo.registry.nacos.NacosRegistry :  [DUBBO] failed to req API:/nacos/v1/ns/instance after all servers([127.0.0.1:8848]) tried: java.net.SocketException: Connection reset, dubbo version: 2.7.8, current host: 172.20.10.2
com.alibaba.nacos.api.exception.NacosException: failed to req API:/nacos/v1/ns/instance after all servers([127.0.0.1:8848]) tried: java.net.SocketException: Connection reset
	at com.alibaba.nacos.client.naming.net.NamingProxy.reqApi(NamingProxy.java:552) ~[nacos-client-1.4.0.jar:?]
	at com.alibaba.nacos.client.naming.net.NamingProxy.reqApi(NamingProxy.java:491) ~[nacos-client-1.4.0.jar:?]
	at com.alibaba.nacos.client.naming.net.NamingProxy.reqApi(NamingProxy.java:486) ~[nacos-client-1.4.0.jar:?]
	at com.alibaba.nacos.client.naming.net.NamingProxy.deregisterService(NamingProxy.java:264) ~[nacos-client-1.4.0.jar:?]
	at com.alibaba.nacos.client.naming.NacosNamingService.deregisterInstance(NacosNamingService.java:245) ~[nacos-client-1.4.0.jar:?]
	at com.alibaba.nacos.client.naming.NacosNamingService.deregisterInstance(NacosNamingService.java:231) ~[nacos-client-1.4.0.jar:?]
	at com.alibaba.nacos.client.naming.NacosNamingService.deregisterInstance(NacosNamingService.java:215) ~[nacos-client-1.4.0.jar:?]
	at org.apache.dubbo.registry.nacos.NacosRegistry.lambda$doUnregister$2(NacosRegistry.java:169) ~[dubbo-2.7.8.jar:2.7.8]
	at org.apache.dubbo.registry.nacos.NacosRegistry.execute(NacosRegistry.java:583) ~[dubbo-2.7.8.jar:2.7.8]
	at org.apache.dubbo.registry.nacos.NacosRegistry.doUnregister(NacosRegistry.java:166) ~[dubbo-2.7.8.jar:2.7.8]
	at org.apache.dubbo.registry.support.FailbackRegistry.unregister(FailbackRegistry.java:289) ~[dubbo-2.7.8.jar:2.7.8]
	at org.apache.dubbo.registry.support.AbstractRegistry.destroy(AbstractRegistry.java:473) ~[dubbo-2.7.8.jar:2.7.8]
	at org.apache.dubbo.registry.support.FailbackRegistry.destroy(FailbackRegistry.java:439) ~[dubbo-2.7.8.jar:2.7.8]
	at org.apache.dubbo.registry.support.AbstractRegistryFactory.destroyAll(AbstractRegistryFactory.java:88) ~[dubbo-2.7.8.jar:2.7.8]
	at org.apache.dubbo.config.DubboShutdownHook.destroyAll(DubboShutdownHook.java:128) ~[dubbo-2.7.8.jar:2.7.8]
	at org.apache.dubbo.config.bootstrap.DubboBootstrap.destroy(DubboBootstrap.java:1253) ~[dubbo-2.7.8.jar:2.7.8]
	at org.apache.dubbo.config.bootstrap.DubboBootstrap.stop(DubboBootstrap.java:995) ~[dubbo-2.7.8.jar:2.7.8]
	at org.apache.dubbo.config.spring.context.DubboBootstrapApplicationListener.onContextClosedEvent(DubboBootstrapApplicationListener.java:63) ~[dubbo-2.7.8.jar:2.7.8]
	at org.apache.dubbo.config.spring.context.DubboBootstrapApplicationListener.onApplicationContextEvent(DubboBootstrapApplicationListener.java:54) ~[dubbo-2.7.8.jar:2.7.8]
	at org.apache.dubbo.config.spring.context.OneTimeExecutionApplicationContextEventListener.onApplicationEvent(OneTimeExecutionApplicationContextEventListener.java:40) ~[dubbo-2.7.8.jar:2.7.8]
	at org.springframework.context.event.SimpleApplicationEventMulticaster.doInvokeListener(SimpleApplicationEventMulticaster.java:176) ~[spring-context-5.3.19.jar:5.3.19]
	at org.springframework.context.event.SimpleApplicationEventMulticaster.invokeListener(SimpleApplicationEventMulticaster.java:169) ~[spring-context-5.3.19.jar:5.3.19]
	at org.springframework.context.event.SimpleApplicationEventMulticaster.multicastEvent(SimpleApplicationEventMulticaster.java:143) ~[spring-context-5.3.19.jar:5.3.19]
	at org.springframework.context.support.AbstractApplicationContext.publishEvent(AbstractApplicationContext.java:421) ~[spring-context-5.3.19.jar:5.3.19]
	at org.springframework.context.support.AbstractApplicationContext.publishEvent(AbstractApplicationContext.java:378) ~[spring-context-5.3.19.jar:5.3.19]
	at org.springframework.context.support.AbstractApplicationContext.doClose(AbstractApplicationContext.java:1058) ~[spring-context-5.3.19.jar:5.3.19]
	at org.springframework.boot.web.servlet.context.ServletWebServerApplicationContext.doClose(ServletWebServerApplicationContext.java:172) ~[spring-boot-2.6.7.jar:2.6.7]
	at org.springframework.context.support.AbstractApplicationContext$1.run(AbstractApplicationContext.java:991) ~[spring-context-5.3.19.jar:5.3.19]
[2024-12-24 11:31:16:384]  [,] [ERROR][SpringContextShutdownHook] org.apache.dubbo.registry.nacos.NacosRegistry :  [DUBBO] failed to req API:/nacos/v1/ns/instance after all servers([127.0.0.1:8848]) tried: java.net.SocketException: Connection reset, dubbo version: 2.7.8, current host: 172.20.10.2
com.alibaba.nacos.api.exception.NacosException: failed to req API:/nacos/v1/ns/instance after all servers([127.0.0.1:8848]) tried: java.net.SocketException: Connection reset
	at com.alibaba.nacos.client.naming.net.NamingProxy.reqApi(NamingProxy.java:552) ~[nacos-client-1.4.0.jar:?]
	at com.alibaba.nacos.client.naming.net.NamingProxy.reqApi(NamingProxy.java:491) ~[nacos-client-1.4.0.jar:?]
	at com.alibaba.nacos.client.naming.net.NamingProxy.reqApi(NamingProxy.java:486) ~[nacos-client-1.4.0.jar:?]
	at com.alibaba.nacos.client.naming.net.NamingProxy.deregisterService(NamingProxy.java:264) ~[nacos-client-1.4.0.jar:?]
	at com.alibaba.nacos.client.naming.NacosNamingService.deregisterInstance(NacosNamingService.java:245) ~[nacos-client-1.4.0.jar:?]
	at com.alibaba.nacos.client.naming.NacosNamingService.deregisterInstance(NacosNamingService.java:231) ~[nacos-client-1.4.0.jar:?]
	at com.alibaba.nacos.client.naming.NacosNamingService.deregisterInstance(NacosNamingService.java:215) ~[nacos-client-1.4.0.jar:?]
	at org.apache.dubbo.registry.nacos.NacosRegistry.lambda$doUnregister$2(NacosRegistry.java:169) ~[dubbo-2.7.8.jar:2.7.8]
	at org.apache.dubbo.registry.nacos.NacosRegistry.execute(NacosRegistry.java:583) ~[dubbo-2.7.8.jar:2.7.8]
	at org.apache.dubbo.registry.nacos.NacosRegistry.doUnregister(NacosRegistry.java:166) ~[dubbo-2.7.8.jar:2.7.8]
	at org.apache.dubbo.registry.support.FailbackRegistry.unregister(FailbackRegistry.java:289) ~[dubbo-2.7.8.jar:2.7.8]
	at org.apache.dubbo.registry.support.AbstractRegistry.destroy(AbstractRegistry.java:473) ~[dubbo-2.7.8.jar:2.7.8]
	at org.apache.dubbo.registry.support.FailbackRegistry.destroy(FailbackRegistry.java:439) ~[dubbo-2.7.8.jar:2.7.8]
	at org.apache.dubbo.registry.support.AbstractRegistryFactory.destroyAll(AbstractRegistryFactory.java:88) ~[dubbo-2.7.8.jar:2.7.8]
	at org.apache.dubbo.config.DubboShutdownHook.destroyAll(DubboShutdownHook.java:128) ~[dubbo-2.7.8.jar:2.7.8]
	at org.apache.dubbo.config.bootstrap.DubboBootstrap.destroy(DubboBootstrap.java:1253) ~[dubbo-2.7.8.jar:2.7.8]
	at org.apache.dubbo.config.bootstrap.DubboBootstrap.stop(DubboBootstrap.java:995) ~[dubbo-2.7.8.jar:2.7.8]
	at org.apache.dubbo.config.spring.context.DubboBootstrapApplicationListener.onContextClosedEvent(DubboBootstrapApplicationListener.java:63) ~[dubbo-2.7.8.jar:2.7.8]
	at org.apache.dubbo.config.spring.context.DubboBootstrapApplicationListener.onApplicationContextEvent(DubboBootstrapApplicationListener.java:54) ~[dubbo-2.7.8.jar:2.7.8]
	at org.apache.dubbo.config.spring.context.OneTimeExecutionApplicationContextEventListener.onApplicationEvent(OneTimeExecutionApplicationContextEventListener.java:40) ~[dubbo-2.7.8.jar:2.7.8]
	at org.springframework.context.event.SimpleApplicationEventMulticaster.doInvokeListener(SimpleApplicationEventMulticaster.java:176) ~[spring-context-5.3.19.jar:5.3.19]
	at org.springframework.context.event.SimpleApplicationEventMulticaster.invokeListener(SimpleApplicationEventMulticaster.java:169) ~[spring-context-5.3.19.jar:5.3.19]
	at org.springframework.context.event.SimpleApplicationEventMulticaster.multicastEvent(SimpleApplicationEventMulticaster.java:143) ~[spring-context-5.3.19.jar:5.3.19]
	at org.springframework.context.support.AbstractApplicationContext.publishEvent(AbstractApplicationContext.java:421) ~[spring-context-5.3.19.jar:5.3.19]
	at org.springframework.context.support.AbstractApplicationContext.publishEvent(AbstractApplicationContext.java:378) ~[spring-context-5.3.19.jar:5.3.19]
	at org.springframework.context.support.AbstractApplicationContext.doClose(AbstractApplicationContext.java:1058) ~[spring-context-5.3.19.jar:5.3.19]
	at org.springframework.boot.web.servlet.context.ServletWebServerApplicationContext.doClose(ServletWebServerApplicationContext.java:172) ~[spring-boot-2.6.7.jar:2.6.7]
	at org.springframework.context.support.AbstractApplicationContext$1.run(AbstractApplicationContext.java:991) ~[spring-context-5.3.19.jar:5.3.19]
[2024-12-24 11:31:16:392]  [,] [ERROR][SpringContextShutdownHook] org.apache.dubbo.registry.nacos.NacosRegistry :  [DUBBO] failed to req API:/nacos/v1/ns/instance after all servers([127.0.0.1:8848]) tried: java.net.SocketException: Connection reset, dubbo version: 2.7.8, current host: 172.20.10.2
com.alibaba.nacos.api.exception.NacosException: failed to req API:/nacos/v1/ns/instance after all servers([127.0.0.1:8848]) tried: java.net.SocketException: Connection reset
	at com.alibaba.nacos.client.naming.net.NamingProxy.reqApi(NamingProxy.java:552) ~[nacos-client-1.4.0.jar:?]
	at com.alibaba.nacos.client.naming.net.NamingProxy.reqApi(NamingProxy.java:491) ~[nacos-client-1.4.0.jar:?]
	at com.alibaba.nacos.client.naming.net.NamingProxy.reqApi(NamingProxy.java:486) ~[nacos-client-1.4.0.jar:?]
	at com.alibaba.nacos.client.naming.net.NamingProxy.deregisterService(NamingProxy.java:264) ~[nacos-client-1.4.0.jar:?]
	at com.alibaba.nacos.client.naming.NacosNamingService.deregisterInstance(NacosNamingService.java:245) ~[nacos-client-1.4.0.jar:?]
	at com.alibaba.nacos.client.naming.NacosNamingService.deregisterInstance(NacosNamingService.java:231) ~[nacos-client-1.4.0.jar:?]
	at com.alibaba.nacos.client.naming.NacosNamingService.deregisterInstance(NacosNamingService.java:215) ~[nacos-client-1.4.0.jar:?]
	at org.apache.dubbo.registry.nacos.NacosRegistry.lambda$doUnregister$2(NacosRegistry.java:169) ~[dubbo-2.7.8.jar:2.7.8]
	at org.apache.dubbo.registry.nacos.NacosRegistry.execute(NacosRegistry.java:583) ~[dubbo-2.7.8.jar:2.7.8]
	at org.apache.dubbo.registry.nacos.NacosRegistry.doUnregister(NacosRegistry.java:166) ~[dubbo-2.7.8.jar:2.7.8]
	at org.apache.dubbo.registry.support.FailbackRegistry.unregister(FailbackRegistry.java:289) ~[dubbo-2.7.8.jar:2.7.8]
	at org.apache.dubbo.registry.support.AbstractRegistry.destroy(AbstractRegistry.java:473) ~[dubbo-2.7.8.jar:2.7.8]
	at org.apache.dubbo.registry.support.FailbackRegistry.destroy(FailbackRegistry.java:439) ~[dubbo-2.7.8.jar:2.7.8]
	at org.apache.dubbo.registry.support.AbstractRegistryFactory.destroyAll(AbstractRegistryFactory.java:88) ~[dubbo-2.7.8.jar:2.7.8]
	at org.apache.dubbo.config.DubboShutdownHook.destroyAll(DubboShutdownHook.java:128) ~[dubbo-2.7.8.jar:2.7.8]
	at org.apache.dubbo.config.bootstrap.DubboBootstrap.destroy(DubboBootstrap.java:1253) ~[dubbo-2.7.8.jar:2.7.8]
	at org.apache.dubbo.config.bootstrap.DubboBootstrap.stop(DubboBootstrap.java:995) ~[dubbo-2.7.8.jar:2.7.8]
	at org.apache.dubbo.config.spring.context.DubboBootstrapApplicationListener.onContextClosedEvent(DubboBootstrapApplicationListener.java:63) ~[dubbo-2.7.8.jar:2.7.8]
	at org.apache.dubbo.config.spring.context.DubboBootstrapApplicationListener.onApplicationContextEvent(DubboBootstrapApplicationListener.java:54) ~[dubbo-2.7.8.jar:2.7.8]
	at org.apache.dubbo.config.spring.context.OneTimeExecutionApplicationContextEventListener.onApplicationEvent(OneTimeExecutionApplicationContextEventListener.java:40) ~[dubbo-2.7.8.jar:2.7.8]
	at org.springframework.context.event.SimpleApplicationEventMulticaster.doInvokeListener(SimpleApplicationEventMulticaster.java:176) ~[spring-context-5.3.19.jar:5.3.19]
	at org.springframework.context.event.SimpleApplicationEventMulticaster.invokeListener(SimpleApplicationEventMulticaster.java:169) ~[spring-context-5.3.19.jar:5.3.19]
	at org.springframework.context.event.SimpleApplicationEventMulticaster.multicastEvent(SimpleApplicationEventMulticaster.java:143) ~[spring-context-5.3.19.jar:5.3.19]
	at org.springframework.context.support.AbstractApplicationContext.publishEvent(AbstractApplicationContext.java:421) ~[spring-context-5.3.19.jar:5.3.19]
	at org.springframework.context.support.AbstractApplicationContext.publishEvent(AbstractApplicationContext.java:378) ~[spring-context-5.3.19.jar:5.3.19]
	at org.springframework.context.support.AbstractApplicationContext.doClose(AbstractApplicationContext.java:1058) ~[spring-context-5.3.19.jar:5.3.19]
	at org.springframework.boot.web.servlet.context.ServletWebServerApplicationContext.doClose(ServletWebServerApplicationContext.java:172) ~[spring-boot-2.6.7.jar:2.6.7]
	at org.springframework.context.support.AbstractApplicationContext$1.run(AbstractApplicationContext.java:991) ~[spring-context-5.3.19.jar:5.3.19]
[2024-12-24 11:31:16:398]  [,] [ERROR][SpringContextShutdownHook] org.apache.dubbo.registry.nacos.NacosRegistry :  [DUBBO] failed to req API:/nacos/v1/ns/instance after all servers([127.0.0.1:8848]) tried: java.net.SocketException: Connection reset, dubbo version: 2.7.8, current host: 172.20.10.2
com.alibaba.nacos.api.exception.NacosException: failed to req API:/nacos/v1/ns/instance after all servers([127.0.0.1:8848]) tried: java.net.SocketException: Connection reset
	at com.alibaba.nacos.client.naming.net.NamingProxy.reqApi(NamingProxy.java:552) ~[nacos-client-1.4.0.jar:?]
	at com.alibaba.nacos.client.naming.net.NamingProxy.reqApi(NamingProxy.java:491) ~[nacos-client-1.4.0.jar:?]
	at com.alibaba.nacos.client.naming.net.NamingProxy.reqApi(NamingProxy.java:486) ~[nacos-client-1.4.0.jar:?]
	at com.alibaba.nacos.client.naming.net.NamingProxy.deregisterService(NamingProxy.java:264) ~[nacos-client-1.4.0.jar:?]
	at com.alibaba.nacos.client.naming.NacosNamingService.deregisterInstance(NacosNamingService.java:245) ~[nacos-client-1.4.0.jar:?]
	at com.alibaba.nacos.client.naming.NacosNamingService.deregisterInstance(NacosNamingService.java:231) ~[nacos-client-1.4.0.jar:?]
	at com.alibaba.nacos.client.naming.NacosNamingService.deregisterInstance(NacosNamingService.java:215) ~[nacos-client-1.4.0.jar:?]
	at org.apache.dubbo.registry.nacos.NacosRegistry.lambda$doUnregister$2(NacosRegistry.java:169) ~[dubbo-2.7.8.jar:2.7.8]
	at org.apache.dubbo.registry.nacos.NacosRegistry.execute(NacosRegistry.java:583) ~[dubbo-2.7.8.jar:2.7.8]
	at org.apache.dubbo.registry.nacos.NacosRegistry.doUnregister(NacosRegistry.java:166) ~[dubbo-2.7.8.jar:2.7.8]
	at org.apache.dubbo.registry.support.FailbackRegistry.unregister(FailbackRegistry.java:289) ~[dubbo-2.7.8.jar:2.7.8]
	at org.apache.dubbo.registry.support.AbstractRegistry.destroy(AbstractRegistry.java:473) ~[dubbo-2.7.8.jar:2.7.8]
	at org.apache.dubbo.registry.support.FailbackRegistry.destroy(FailbackRegistry.java:439) ~[dubbo-2.7.8.jar:2.7.8]
	at org.apache.dubbo.registry.support.AbstractRegistryFactory.destroyAll(AbstractRegistryFactory.java:88) ~[dubbo-2.7.8.jar:2.7.8]
	at org.apache.dubbo.config.DubboShutdownHook.destroyAll(DubboShutdownHook.java:128) ~[dubbo-2.7.8.jar:2.7.8]
	at org.apache.dubbo.config.bootstrap.DubboBootstrap.destroy(DubboBootstrap.java:1253) ~[dubbo-2.7.8.jar:2.7.8]
	at org.apache.dubbo.config.bootstrap.DubboBootstrap.stop(DubboBootstrap.java:995) ~[dubbo-2.7.8.jar:2.7.8]
	at org.apache.dubbo.config.spring.context.DubboBootstrapApplicationListener.onContextClosedEvent(DubboBootstrapApplicationListener.java:63) ~[dubbo-2.7.8.jar:2.7.8]
	at org.apache.dubbo.config.spring.context.DubboBootstrapApplicationListener.onApplicationContextEvent(DubboBootstrapApplicationListener.java:54) ~[dubbo-2.7.8.jar:2.7.8]
	at org.apache.dubbo.config.spring.context.OneTimeExecutionApplicationContextEventListener.onApplicationEvent(OneTimeExecutionApplicationContextEventListener.java:40) ~[dubbo-2.7.8.jar:2.7.8]
	at org.springframework.context.event.SimpleApplicationEventMulticaster.doInvokeListener(SimpleApplicationEventMulticaster.java:176) ~[spring-context-5.3.19.jar:5.3.19]
	at org.springframework.context.event.SimpleApplicationEventMulticaster.invokeListener(SimpleApplicationEventMulticaster.java:169) ~[spring-context-5.3.19.jar:5.3.19]
	at org.springframework.context.event.SimpleApplicationEventMulticaster.multicastEvent(SimpleApplicationEventMulticaster.java:143) ~[spring-context-5.3.19.jar:5.3.19]
	at org.springframework.context.support.AbstractApplicationContext.publishEvent(AbstractApplicationContext.java:421) ~[spring-context-5.3.19.jar:5.3.19]
	at org.springframework.context.support.AbstractApplicationContext.publishEvent(AbstractApplicationContext.java:378) ~[spring-context-5.3.19.jar:5.3.19]
	at org.springframework.context.support.AbstractApplicationContext.doClose(AbstractApplicationContext.java:1058) ~[spring-context-5.3.19.jar:5.3.19]
	at org.springframework.boot.web.servlet.context.ServletWebServerApplicationContext.doClose(ServletWebServerApplicationContext.java:172) ~[spring-boot-2.6.7.jar:2.6.7]
	at org.springframework.context.support.AbstractApplicationContext$1.run(AbstractApplicationContext.java:991) ~[spring-context-5.3.19.jar:5.3.19]
[2024-12-24 11:31:16:403]  [,] [ERROR][SpringContextShutdownHook] org.apache.dubbo.registry.nacos.NacosRegistry :  [DUBBO] failed to req API:/nacos/v1/ns/instance after all servers([127.0.0.1:8848]) tried: java.net.SocketException: Connection reset, dubbo version: 2.7.8, current host: 172.20.10.2
com.alibaba.nacos.api.exception.NacosException: failed to req API:/nacos/v1/ns/instance after all servers([127.0.0.1:8848]) tried: java.net.SocketException: Connection reset
	at com.alibaba.nacos.client.naming.net.NamingProxy.reqApi(NamingProxy.java:552) ~[nacos-client-1.4.0.jar:?]
	at com.alibaba.nacos.client.naming.net.NamingProxy.reqApi(NamingProxy.java:491) ~[nacos-client-1.4.0.jar:?]
	at com.alibaba.nacos.client.naming.net.NamingProxy.reqApi(NamingProxy.java:486) ~[nacos-client-1.4.0.jar:?]
	at com.alibaba.nacos.client.naming.net.NamingProxy.deregisterService(NamingProxy.java:264) ~[nacos-client-1.4.0.jar:?]
	at com.alibaba.nacos.client.naming.NacosNamingService.deregisterInstance(NacosNamingService.java:245) ~[nacos-client-1.4.0.jar:?]
	at com.alibaba.nacos.client.naming.NacosNamingService.deregisterInstance(NacosNamingService.java:231) ~[nacos-client-1.4.0.jar:?]
	at com.alibaba.nacos.client.naming.NacosNamingService.deregisterInstance(NacosNamingService.java:215) ~[nacos-client-1.4.0.jar:?]
	at org.apache.dubbo.registry.nacos.NacosRegistry.lambda$doUnregister$2(NacosRegistry.java:169) ~[dubbo-2.7.8.jar:2.7.8]
	at org.apache.dubbo.registry.nacos.NacosRegistry.execute(NacosRegistry.java:583) ~[dubbo-2.7.8.jar:2.7.8]
	at org.apache.dubbo.registry.nacos.NacosRegistry.doUnregister(NacosRegistry.java:166) ~[dubbo-2.7.8.jar:2.7.8]
	at org.apache.dubbo.registry.support.FailbackRegistry.unregister(FailbackRegistry.java:289) ~[dubbo-2.7.8.jar:2.7.8]
	at org.apache.dubbo.registry.support.AbstractRegistry.destroy(AbstractRegistry.java:473) ~[dubbo-2.7.8.jar:2.7.8]
	at org.apache.dubbo.registry.support.FailbackRegistry.destroy(FailbackRegistry.java:439) ~[dubbo-2.7.8.jar:2.7.8]
	at org.apache.dubbo.registry.support.AbstractRegistryFactory.destroyAll(AbstractRegistryFactory.java:88) ~[dubbo-2.7.8.jar:2.7.8]
	at org.apache.dubbo.config.DubboShutdownHook.destroyAll(DubboShutdownHook.java:128) ~[dubbo-2.7.8.jar:2.7.8]
	at org.apache.dubbo.config.bootstrap.DubboBootstrap.destroy(DubboBootstrap.java:1253) ~[dubbo-2.7.8.jar:2.7.8]
	at org.apache.dubbo.config.bootstrap.DubboBootstrap.stop(DubboBootstrap.java:995) ~[dubbo-2.7.8.jar:2.7.8]
	at org.apache.dubbo.config.spring.context.DubboBootstrapApplicationListener.onContextClosedEvent(DubboBootstrapApplicationListener.java:63) ~[dubbo-2.7.8.jar:2.7.8]
	at org.apache.dubbo.config.spring.context.DubboBootstrapApplicationListener.onApplicationContextEvent(DubboBootstrapApplicationListener.java:54) ~[dubbo-2.7.8.jar:2.7.8]
	at org.apache.dubbo.config.spring.context.OneTimeExecutionApplicationContextEventListener.onApplicationEvent(OneTimeExecutionApplicationContextEventListener.java:40) ~[dubbo-2.7.8.jar:2.7.8]
	at org.springframework.context.event.SimpleApplicationEventMulticaster.doInvokeListener(SimpleApplicationEventMulticaster.java:176) ~[spring-context-5.3.19.jar:5.3.19]
	at org.springframework.context.event.SimpleApplicationEventMulticaster.invokeListener(SimpleApplicationEventMulticaster.java:169) ~[spring-context-5.3.19.jar:5.3.19]
	at org.springframework.context.event.SimpleApplicationEventMulticaster.multicastEvent(SimpleApplicationEventMulticaster.java:143) ~[spring-context-5.3.19.jar:5.3.19]
	at org.springframework.context.support.AbstractApplicationContext.publishEvent(AbstractApplicationContext.java:421) ~[spring-context-5.3.19.jar:5.3.19]
	at org.springframework.context.support.AbstractApplicationContext.publishEvent(AbstractApplicationContext.java:378) ~[spring-context-5.3.19.jar:5.3.19]
	at org.springframework.context.support.AbstractApplicationContext.doClose(AbstractApplicationContext.java:1058) ~[spring-context-5.3.19.jar:5.3.19]
	at org.springframework.boot.web.servlet.context.ServletWebServerApplicationContext.doClose(ServletWebServerApplicationContext.java:172) ~[spring-boot-2.6.7.jar:2.6.7]
	at org.springframework.context.support.AbstractApplicationContext$1.run(AbstractApplicationContext.java:991) ~[spring-context-5.3.19.jar:5.3.19]
[2024-12-24 11:31:16:408]  [,] [ERROR][SpringContextShutdownHook] org.apache.dubbo.registry.nacos.NacosRegistry :  [DUBBO] failed to req API:/nacos/v1/ns/instance after all servers([127.0.0.1:8848]) tried: java.net.SocketException: Connection reset, dubbo version: 2.7.8, current host: 172.20.10.2
com.alibaba.nacos.api.exception.NacosException: failed to req API:/nacos/v1/ns/instance after all servers([127.0.0.1:8848]) tried: java.net.SocketException: Connection reset
	at com.alibaba.nacos.client.naming.net.NamingProxy.reqApi(NamingProxy.java:552) ~[nacos-client-1.4.0.jar:?]
	at com.alibaba.nacos.client.naming.net.NamingProxy.reqApi(NamingProxy.java:491) ~[nacos-client-1.4.0.jar:?]
	at com.alibaba.nacos.client.naming.net.NamingProxy.reqApi(NamingProxy.java:486) ~[nacos-client-1.4.0.jar:?]
	at com.alibaba.nacos.client.naming.net.NamingProxy.deregisterService(NamingProxy.java:264) ~[nacos-client-1.4.0.jar:?]
	at com.alibaba.nacos.client.naming.NacosNamingService.deregisterInstance(NacosNamingService.java:245) ~[nacos-client-1.4.0.jar:?]
	at com.alibaba.nacos.client.naming.NacosNamingService.deregisterInstance(NacosNamingService.java:231) ~[nacos-client-1.4.0.jar:?]
	at com.alibaba.nacos.client.naming.NacosNamingService.deregisterInstance(NacosNamingService.java:215) ~[nacos-client-1.4.0.jar:?]
	at org.apache.dubbo.registry.nacos.NacosRegistry.lambda$doUnregister$2(NacosRegistry.java:169) ~[dubbo-2.7.8.jar:2.7.8]
	at org.apache.dubbo.registry.nacos.NacosRegistry.execute(NacosRegistry.java:583) ~[dubbo-2.7.8.jar:2.7.8]
	at org.apache.dubbo.registry.nacos.NacosRegistry.doUnregister(NacosRegistry.java:166) ~[dubbo-2.7.8.jar:2.7.8]
	at org.apache.dubbo.registry.support.FailbackRegistry.unregister(FailbackRegistry.java:289) ~[dubbo-2.7.8.jar:2.7.8]
	at org.apache.dubbo.registry.support.AbstractRegistry.destroy(AbstractRegistry.java:473) ~[dubbo-2.7.8.jar:2.7.8]
	at org.apache.dubbo.registry.support.FailbackRegistry.destroy(FailbackRegistry.java:439) ~[dubbo-2.7.8.jar:2.7.8]
	at org.apache.dubbo.registry.support.AbstractRegistryFactory.destroyAll(AbstractRegistryFactory.java:88) ~[dubbo-2.7.8.jar:2.7.8]
	at org.apache.dubbo.config.DubboShutdownHook.destroyAll(DubboShutdownHook.java:128) ~[dubbo-2.7.8.jar:2.7.8]
	at org.apache.dubbo.config.bootstrap.DubboBootstrap.destroy(DubboBootstrap.java:1253) ~[dubbo-2.7.8.jar:2.7.8]
	at org.apache.dubbo.config.bootstrap.DubboBootstrap.stop(DubboBootstrap.java:995) ~[dubbo-2.7.8.jar:2.7.8]
	at org.apache.dubbo.config.spring.context.DubboBootstrapApplicationListener.onContextClosedEvent(DubboBootstrapApplicationListener.java:63) ~[dubbo-2.7.8.jar:2.7.8]
	at org.apache.dubbo.config.spring.context.DubboBootstrapApplicationListener.onApplicationContextEvent(DubboBootstrapApplicationListener.java:54) ~[dubbo-2.7.8.jar:2.7.8]
	at org.apache.dubbo.config.spring.context.OneTimeExecutionApplicationContextEventListener.onApplicationEvent(OneTimeExecutionApplicationContextEventListener.java:40) ~[dubbo-2.7.8.jar:2.7.8]
	at org.springframework.context.event.SimpleApplicationEventMulticaster.doInvokeListener(SimpleApplicationEventMulticaster.java:176) ~[spring-context-5.3.19.jar:5.3.19]
	at org.springframework.context.event.SimpleApplicationEventMulticaster.invokeListener(SimpleApplicationEventMulticaster.java:169) ~[spring-context-5.3.19.jar:5.3.19]
	at org.springframework.context.event.SimpleApplicationEventMulticaster.multicastEvent(SimpleApplicationEventMulticaster.java:143) ~[spring-context-5.3.19.jar:5.3.19]
	at org.springframework.context.support.AbstractApplicationContext.publishEvent(AbstractApplicationContext.java:421) ~[spring-context-5.3.19.jar:5.3.19]
	at org.springframework.context.support.AbstractApplicationContext.publishEvent(AbstractApplicationContext.java:378) ~[spring-context-5.3.19.jar:5.3.19]
	at org.springframework.context.support.AbstractApplicationContext.doClose(AbstractApplicationContext.java:1058) ~[spring-context-5.3.19.jar:5.3.19]
	at org.springframework.boot.web.servlet.context.ServletWebServerApplicationContext.doClose(ServletWebServerApplicationContext.java:172) ~[spring-boot-2.6.7.jar:2.6.7]
	at org.springframework.context.support.AbstractApplicationContext$1.run(AbstractApplicationContext.java:991) ~[spring-context-5.3.19.jar:5.3.19]
